> Task :app:clean
> Task :app:preBuild UP-TO-DATE
> Task :app:preDebugBuild UP-TO-DATE
> Task :app:mergeDebugNativeDebugMetadata NO-SOURCE
> Task :app:checkKotlinGradlePluginConfigurationErrors
> Task :app:generateDebugResValues
> Task :app:mapDebugSourceSetPaths
> Task :app:generateDebugResources
> Task :app:checkDebugAarMetadata
> Task :app:packageDebugResources
> Task :app:createDebugCompatibleScreenManifests
> Task :app:extractDeepLinksDebug
> Task :app:parseDebugLocalResources
> Task :app:processDebugMainManifest
> Task :app:processDebugManifest
> Task :app:javaPreCompileDebug
> Task :app:mergeDebugShaders
> Task :app:compileDebugShaders NO-SOURCE
> Task :app:generateDebugAssets UP-TO-DATE
> Task :app:mergeDebugAssets
> Task :app:compressDebugAssets
> Task :app:desugarDebugFileDependencies
> Task :app:mergeDebugJniLibFolders
> Task :app:mergeDebugNativeLibs NO-SOURCE
> Task :app:stripDebugDebugSymbols NO-SOURCE
> Task :app:validateSigningDebug
> Task :app:writeDebugAppMetadata
> Task :app:writeDebugSigningConfigVersions
> Task :app:checkDebugDuplicateClasses
> Task :app:processDebugManifestForPackage
> Task :app:mergeLibDexDebug
> Task :app:mergeDebugResources
> Task :app:mergeExtDexDebug
> Task :app:processDebugResources

> Task :app:compileDebugKotlin FAILED
e: file:///C:/Users/hamza/Documents/autoMessage/app/src/main/java/com/hamza/automessage/MainActivity.kt:32:35 Unresolved reference: Calendar
e: file:///C:/Users/hamza/Documents/autoMessage/app/src/main/java/com/hamza/automessage/MainActivity.kt:32:46 Unresolved reference: Calendar
e: file:///C:/Users/hamza/Documents/autoMessage/app/src/main/java/com/hamza/automessage/MainActivity.kt:100:13 Unresolved reference: ContextCompat
e: file:///C:/Users/hamza/Documents/autoMessage/app/src/main/java/com/hamza/automessage/MainActivity.kt:109:41 Unresolved reference: Calendar
e: file:///C:/Users/hamza/Documents/autoMessage/app/src/main/java/com/hamza/automessage/MainActivity.kt:110:42 Unresolved reference: Calendar
e: file:///C:/Users/hamza/Documents/autoMessage/app/src/main/java/com/hamza/automessage/MainActivity.kt:111:40 Unresolved reference: Calendar
e: file:///C:/Users/hamza/Documents/autoMessage/app/src/main/java/com/hamza/automessage/MainActivity.kt:114:34 Unresolved reference: Calendar
e: file:///C:/Users/hamza/Documents/autoMessage/app/src/main/java/com/hamza/automessage/MainActivity.kt:115:34 Unresolved reference: Calendar
e: file:///C:/Users/hamza/Documents/autoMessage/app/src/main/java/com/hamza/automessage/MainActivity.kt:116:34 Unresolved reference: Calendar
e: file:///C:/Users/hamza/Documents/autoMessage/app/src/main/java/com/hamza/automessage/MainActivity.kt:122:41 Unresolved reference: Calendar
e: file:///C:/Users/hamza/Documents/autoMessage/app/src/main/java/com/hamza/automessage/MainActivity.kt:123:43 Unresolved reference: Calendar
e: file:///C:/Users/hamza/Documents/autoMessage/app/src/main/java/com/hamza/automessage/MainActivity.kt:126:34 Unresolved reference: Calendar
e: file:///C:/Users/hamza/Documents/autoMessage/app/src/main/java/com/hamza/automessage/MainActivity.kt:127:34 Unresolved reference: Calendar
e: file:///C:/Users/hamza/Documents/autoMessage/app/src/main/java/com/hamza/automessage/MainActivity.kt:128:34 Unresolved reference: Calendar
e: file:///C:/Users/hamza/Documents/autoMessage/app/src/main/java/com/hamza/automessage/MainActivity.kt:144:13 Unresolved reference: ContextCompat
e: file:///C:/Users/hamza/Documents/autoMessage/app/src/main/java/com/hamza/automessage/MainActivity.kt:145:13 Unresolved reference: ContextCompat
e: file:///C:/Users/hamza/Documents/autoMessage/app/src/main/java/com/hamza/automessage/MainActivity.kt:146:13 Unresolved reference: ContextCompat
e: file:///C:/Users/hamza/Documents/autoMessage/app/src/main/java/com/hamza/automessage/MainActivity.kt:147:13 Unresolved reference: ActivityCompat
e: file:///C:/Users/hamza/Documents/autoMessage/app/src/main/java/com/hamza/automessage/MainActivity.kt:169:13 Unresolved reference: ContextCompat

FAILURE: Build failed with an exception.

* What went wrong:
Execution failed for task ':app:compileDebugKotlin'.
> A failure occurred while executing org.jetbrains.kotlin.compilerRunner.GradleCompilerRunnerWithWorkers$GradleKotlinCompilerWorkAction
   > Compilation error. See log for more details

* Try:
> Run with --stacktrace option to get the stack trace.
> Run with --info or --debug option to get more log output.
> Run with --scan to get full insights.
> Get more help at https://help.gradle.org.

BUÝLD FAILED in 26s
27 actionable tasks: 27 executed
