> Task :app:clean
> Task :app:preBuild UP-TO-DATE
> Task :app:preDebugBuild UP-TO-DATE
> Task :app:mergeDebugNativeDebugMetadata NO-SOURCE
> Task :app:checkKotlinGradlePluginConfigurationErrors
> Task :app:generateDebugResValues
> Task :app:mapDebugSourceSetPaths
> Task :app:generateDebugResources
> Task :app:checkDebugAarMetadata
> Task :app:packageDebugResources
> Task :app:createDebugCompatibleScreenManifests
> Task :app:extractDeepLinksDebug
> Task :app:parseDebugLocalResources
> Task :app:processDebugMainManifest
> Task :app:processDebugManifest
> Task :app:javaPreCompileDebug
> Task :app:mergeDebugShaders
> Task :app:compileDebugShaders NO-SOURCE
> Task :app:generateDebugAssets UP-TO-DATE
> Task :app:mergeDebugAssets
> Task :app:compressDebugAssets
> Task :app:desugarDebugFileDependencies
> Task :app:mergeDebugJniLibFolders
> Task :app:mergeDebugNativeLibs NO-SOURCE
> Task :app:stripDebugDebugSymbols NO-SOURCE
> Task :app:validateSigningDebug
> Task :app:writeDebugAppMetadata
> Task :app:writeDebugSigningConfigVersions
> Task :app:processDebugManifestForPackage
> Task :app:checkDebugDuplicateClasses
> Task :app:mergeDebugResources
> Task :app:mergeLibDexDebug
> Task :app:processDebugResources
> Task :app:mergeExtDexDebug

> Task :app:compileDebugKotlin FAILED
e: file:///C:/Users/hamza/Documents/autoMessage/app/src/main/java/com/hamza/automessage/MainActivity.kt:131:9 Expecting member declaration
e: file:///C:/Users/hamza/Documents/autoMessage/app/src/main/java/com/hamza/automessage/MainActivity.kt:131:12 Expecting member declaration
e: file:///C:/Users/hamza/Documents/autoMessage/app/src/main/java/com/hamza/automessage/MainActivity.kt:131:13 Expecting member declaration
e: file:///C:/Users/hamza/Documents/autoMessage/app/src/main/java/com/hamza/automessage/MainActivity.kt:131:18 Expecting member declaration
e: file:///C:/Users/hamza/Documents/autoMessage/app/src/main/java/com/hamza/automessage/MainActivity.kt:131:19 Expecting member declaration
e: file:///C:/Users/hamza/Documents/autoMessage/app/src/main/java/com/hamza/automessage/MainActivity.kt:131:26 Expecting member declaration
e: file:///C:/Users/hamza/Documents/autoMessage/app/src/main/java/com/hamza/automessage/MainActivity.kt:131:27 Expecting member declaration
e: file:///C:/Users/hamza/Documents/autoMessage/app/src/main/java/com/hamza/automessage/MainActivity.kt:131:35 Expecting member declaration
e: file:///C:/Users/hamza/Documents/autoMessage/app/src/main/java/com/hamza/automessage/MainActivity.kt:131:38 Expecting member declaration
e: file:///C:/Users/hamza/Documents/autoMessage/app/src/main/java/com/hamza/automessage/MainActivity.kt:131:43 Expecting member declaration
e: file:///C:/Users/hamza/Documents/autoMessage/app/src/main/java/com/hamza/automessage/MainActivity.kt:131:44 Expecting member declaration
e: file:///C:/Users/hamza/Documents/autoMessage/app/src/main/java/com/hamza/automessage/MainActivity.kt:131:57 Expecting member declaration
e: file:///C:/Users/hamza/Documents/autoMessage/app/src/main/java/com/hamza/automessage/MainActivity.kt:131:58 Expecting member declaration
e: file:///C:/Users/hamza/Documents/autoMessage/app/src/main/java/com/hamza/automessage/MainActivity.kt:131:59 Expecting member declaration
e: file:///C:/Users/hamza/Documents/autoMessage/app/src/main/java/com/hamza/automessage/MainActivity.kt:131:61 Expecting member declaration
e: file:///C:/Users/hamza/Documents/autoMessage/app/src/main/java/com/hamza/automessage/MainActivity.kt:156:9 Expecting member declaration
e: file:///C:/Users/hamza/Documents/autoMessage/app/src/main/java/com/hamza/automessage/MainActivity.kt:156:13 Expecting member declaration
e: file:///C:/Users/hamza/Documents/autoMessage/app/src/main/java/com/hamza/automessage/MainActivity.kt:163:11 Expecting member declaration
e: file:///C:/Users/hamza/Documents/autoMessage/app/src/main/java/com/hamza/automessage/MainActivity.kt:163:17 Expecting member declaration
e: file:///C:/Users/hamza/Documents/autoMessage/app/src/main/java/com/hamza/automessage/MainActivity.kt:163:18 Expecting member declaration
e: file:///C:/Users/hamza/Documents/autoMessage/app/src/main/java/com/hamza/automessage/MainActivity.kt:163:19 Expecting member declaration
e: file:///C:/Users/hamza/Documents/autoMessage/app/src/main/java/com/hamza/automessage/MainActivity.kt:163:21 Expecting member declaration
e: file:///C:/Users/hamza/Documents/autoMessage/app/src/main/java/com/hamza/automessage/MainActivity.kt:163:38 Expecting member declaration
e: file:///C:/Users/hamza/Documents/autoMessage/app/src/main/java/com/hamza/automessage/MainActivity.kt:163:40 Expecting member declaration
e: file:///C:/Users/hamza/Documents/autoMessage/app/src/main/java/com/hamza/automessage/MainActivity.kt:167:1 Expecting a top level declaration
e: file:///C:/Users/hamza/Documents/autoMessage/app/src/main/java/com/hamza/automessage/MainActivity.kt:131:61 Conflicting overloads: public final fun `<no name provided>`(): Unit defined in com.hamza.automessage.MainActivity, public final fun `<no name provided>`(): Unit defined in com.hamza.automessage.MainActivity, public final fun `<no name provided>`(): Unit defined in com.hamza.automessage.MainActivity
e: file:///C:/Users/hamza/Documents/autoMessage/app/src/main/java/com/hamza/automessage/MainActivity.kt:131:61 Function declaration must have a name
e: file:///C:/Users/hamza/Documents/autoMessage/app/src/main/java/com/hamza/automessage/MainActivity.kt:145:38 Unresolved reference: phoneNumber
e: file:///C:/Users/hamza/Documents/autoMessage/app/src/main/java/com/hamza/automessage/MainActivity.kt:146:33 Unresolved reference: message
e: file:///C:/Users/hamza/Documents/autoMessage/app/src/main/java/com/hamza/automessage/MainActivity.kt:156:13 Conflicting overloads: public final fun `<no name provided>`(): Unit defined in com.hamza.automessage.MainActivity, public final fun `<no name provided>`(): Unit defined in com.hamza.automessage.MainActivity, public final fun `<no name provided>`(): Unit defined in com.hamza.automessage.MainActivity
e: file:///C:/Users/hamza/Documents/autoMessage/app/src/main/java/com/hamza/automessage/MainActivity.kt:156:13 Function declaration must have a name
e: file:///C:/Users/hamza/Documents/autoMessage/app/src/main/java/com/hamza/automessage/MainActivity.kt:163:40 Conflicting overloads: public final fun `<no name provided>`(): Unit defined in com.hamza.automessage.MainActivity, public final fun `<no name provided>`(): Unit defined in com.hamza.automessage.MainActivity, public final fun `<no name provided>`(): Unit defined in com.hamza.automessage.MainActivity
e: file:///C:/Users/hamza/Documents/autoMessage/app/src/main/java/com/hamza/automessage/MainActivity.kt:163:40 Function declaration must have a name
e: file:///C:/Users/hamza/Documents/autoMessage/app/src/main/java/com/hamza/automessage/MainActivity.kt:164:56 Unresolved reference: e

FAILURE: Build failed with an exception.

* What went wrong:
Execution failed for task ':app:compileDebugKotlin'.
> A failure occurred while executing org.jetbrains.kotlin.compilerRunner.GradleCompilerRunnerWithWorkers$GradleKotlinCompilerWorkAction
   > Compilation error. See log for more details

* Try:
> Run with --stacktrace option to get the stack trace.
> Run with --info or --debug option to get more log output.
> Run with --scan to get full insights.
> Get more help at https://help.gradle.org.

BUÝLD FAILED in 32s
27 actionable tasks: 27 executed
